#
# There is insufficient memory for the Java Runtime Environment to continue.
# Native memory allocation (mmap) failed to map 134217728 bytes. Error detail: G1 virtual space
# Possible reasons:
#   The system is out of physical RAM or swap space
#   This process is running with CompressedOops enabled, and the Java Heap may be blocking the growth of the native heap
# Possible solutions:
#   Reduce memory load on the system
#   Increase physical memory or swap space
#   Check if swap backing store is full
#   Decrease Java heap size (-Xmx/-Xms)
#   Decrease number of Java threads
#   Decrease Java thread stack sizes (-Xss)
#   Set larger code cache with -XX:ReservedCodeCacheSize=
#   JVM is running with Unscaled Compressed Oops mode in which the Java heap is
#     placed in the first 4GB address space. The Java Heap base address is the
#     maximum limit for the native heap growth. Please use -XX:HeapBaseMinAddress
#     to set the Java Heap base and to place the Java Heap above 4GB virtual address.
# This output file may be truncated or incomplete.
#
#  Out of Memory Error (os_windows.cpp:3925), pid=15840, tid=27592
#
# JRE version:  (21.0.8) (build )
# Java VM: OpenJDK 64-Bit Server VM (21.0.8+-14018985-b1038.68, mixed mode, sharing, tiered, compressed oops, compressed class ptrs, g1 gc, windows-amd64)
# No core dump will be written. Minidumps are not enabled by default on client versions of Windows
#

---------------  S U M M A R Y ------------

Command Line: org.jetbrains.kotlin.cli.jvm.K2JVMCompiler @D:\Android Studio Projects\Weather Simulator AI\app\build\20251117_4605804971609145765.compiler.options

Host: Intel(R) Core(TM) i5-8250U CPU @ 1.60GHz, 8 cores, 7G,  Windows 10 , 64 bit Build 19041 (10.0.19041.5915)
Time: Mon Nov 17 10:00:50 2025 GTB Standard Time elapsed time: 0.020390 seconds (0d 0h 0m 0s)

---------------  T H R E A D  ---------------

Current thread (0x0000024468291dd0):  JavaThread "Unknown thread" [_thread_in_vm, id=27592, stack(0x000000d5f1300000,0x000000d5f1400000) (1024K)]

Stack: [0x000000d5f1300000,0x000000d5f1400000]
Native frames: (J=compiled Java code, j=interpreted, Vv=VM code, C=native code)
V  [jvm.dll+0x6d68d9]
V  [jvm.dll+0x866693]
V  [jvm.dll+0x868c4e]
V  [jvm.dll+0x869333]
V  [jvm.dll+0x280566]
V  [jvm.dll+0x6d3195]
V  [jvm.dll+0x6c69ea]
V  [jvm.dll+0x3586db]
V  [jvm.dll+0x360336]
V  [jvm.dll+0x3b23f6]
V  [jvm.dll+0x3b26c8]
V  [jvm.dll+0x32ae6c]
V  [jvm.dll+0x32bb5b]
V  [jvm.dll+0x82e109]
V  [jvm.dll+0x3bf5c8]
V  [jvm.dll+0x817388]
V  [jvm.dll+0x453b6e]
V  [jvm.dll+0x4552d1]
C  [jli.dll+0x52ab]
C  [ucrtbase.dll+0x21bb2]
C  [KERNEL32.DLL+0x17374]
C  [ntdll.dll+0x4cc91]


---------------  P R O C E S S  ---------------

Threads class SMR info:
_java_thread_list=0x00007ff85eadb988, length=0, elements={
}

Java Threads: ( => current thread )
Total: 0

Other Threads:
  0x000002446a562850 WorkerThread "GC Thread#0"                     [id=8076, stack(0x000000d5f1400000,0x000000d5f1500000) (1024K)]
  0x000002446a573df0 ConcurrentGCThread "G1 Main Marker"            [id=5648, stack(0x000000d5f1500000,0x000000d5f1600000) (1024K)]
  0x000002446a575090 WorkerThread "G1 Conc#0"                       [id=8288, stack(0x000000d5f1600000,0x000000d5f1700000) (1024K)]

[error occurred during error reporting (printing all threads), id 0xc0000005, EXCEPTION_ACCESS_VIOLATION (0xc0000005) at pc=0x00007ff85e2cddd7]
VM state: not at safepoint (not fully initialized)

VM Mutex/Monitor currently owned by a thread:  ([mutex/lock_event])
[0x00007ff85eb486b8] Heap_lock - owner thread: 0x0000024468291dd0

Heap address: 0x0000000081e00000, size: 2018 MB, Compressed Oops mode: 32-bit

CDS archive(s) mapped at: [0x0000000000000000-0x0000000000000000-0x0000000000000000), size 0, SharedBaseAddress: 0x0000000800000000, ArchiveRelocationMode: 1.
Narrow klass base: 0x0000000000000000, Narrow klass shift: 0, Narrow klass range: 0x0

GC Precious Log:
 CardTable entry size: 512
 Card Set container configuration: InlinePtr #cards 5 size 8 Array Of Cards #cards 12 size 40 Howl #buckets 4 coarsen threshold 1843 Howl Bitmap #cards 512 size 80 coarsen threshold 460 Card regions per heap region 1 cards per card region 2048

Heap:
 garbage-first heap   total 0K, used 0K [0x0000000081e00000, 0x0000000100000000)
  region size 1024K, 0 young (0K), 0 survivors (0K)
 Metaspace       used 0K, committed 0K, reserved 0K
  class space    used 0K, committed 0K, reserved 0K

Heap Regions: E=young(eden), S=young(survivor), O=old, HS=humongous(starts), HC=humongous(continues), CS=collection set, F=free, TAMS=top-at-mark-start, PB=parsable bottom

Card table byte_map: [0x000002447cda0000,0x000002447d1a0000] _byte_map_base: 0x000002447c991000

Marking Bits: (CMBitMap*) 0x000002446a563760
 Bits: [0x000002447d1a0000, 0x000002447f128000)

GC Heap History (0 events):
No events

Dll operation events (1 events):
Event: 0.012 Loaded shared library D:\Android Studio\jbr\bin\java.dll

Deoptimization events (0 events):
No events

Classes loaded (0 events):
No events

Classes unloaded (0 events):
No events

Classes redefined (0 events):
No events

Internal exceptions (0 events):
No events

ZGC Phase Switch (0 events):
No events

VM Operations (0 events):
No events

Memory protections (0 events):
No events

Nmethod flushes (0 events):
No events

Events (0 events):
No events


Dynamic libraries:
0x00007ff7c6f40000 - 0x00007ff7c6f4a000 	D:\Android Studio\jbr\bin\java.exe
0x00007ff8fd8d0000 - 0x00007ff8fdac8000 	C:\WINDOWS\SYSTEM32\ntdll.dll
0x00007ff8fb990000 - 0x00007ff8fba52000 	C:\WINDOWS\System32\KERNEL32.DLL
0x00007ff8fb470000 - 0x00007ff8fb766000 	C:\WINDOWS\System32\KERNELBASE.dll
0x00007ff8fb770000 - 0x00007ff8fb870000 	C:\WINDOWS\System32\ucrtbase.dll
0x00007ff8cfaa0000 - 0x00007ff8cfab8000 	D:\Android Studio\jbr\bin\jli.dll
0x00007ff8de8f0000 - 0x00007ff8de90b000 	D:\Android Studio\jbr\bin\VCRUNTIME140.dll
0x00007ff8fbb90000 - 0x00007ff8fbd2d000 	C:\WINDOWS\System32\USER32.dll
0x00007ff8fb190000 - 0x00007ff8fb1b2000 	C:\WINDOWS\System32\win32u.dll
0x00007ff8fc3e0000 - 0x00007ff8fc40b000 	C:\WINDOWS\System32\GDI32.dll
0x00007ff8e87c0000 - 0x00007ff8e8a5a000 	C:\WINDOWS\WinSxS\amd64_microsoft.windows.common-controls_6595b64144ccf1df_6.0.19041.5915_none_60b4b9d171f9c7c7\COMCTL32.dll
0x00007ff8fb8f0000 - 0x00007ff8fb98e000 	C:\WINDOWS\System32\msvcrt.dll
0x00007ff8faf60000 - 0x00007ff8fb079000 	C:\WINDOWS\System32\gdi32full.dll
0x00007ff8fb3d0000 - 0x00007ff8fb46d000 	C:\WINDOWS\System32\msvcp_win.dll
0x00007ff8fbd30000 - 0x00007ff8fbd5f000 	C:\WINDOWS\System32\IMM32.DLL
0x00007ff8f7d90000 - 0x00007ff8f7d9c000 	D:\Android Studio\jbr\bin\vcruntime140_1.dll
0x00007ff8af990000 - 0x00007ff8afa1d000 	D:\Android Studio\jbr\bin\msvcp140.dll
0x00007ff85df90000 - 0x00007ff85ec26000 	D:\Android Studio\jbr\bin\server\jvm.dll
0x00007ff8fba60000 - 0x00007ff8fbb11000 	C:\WINDOWS\System32\ADVAPI32.dll
0x00007ff8fc340000 - 0x00007ff8fc3df000 	C:\WINDOWS\System32\sechost.dll
0x00007ff8fd6a0000 - 0x00007ff8fd7c3000 	C:\WINDOWS\System32\RPCRT4.dll
0x00007ff8fb8c0000 - 0x00007ff8fb8e7000 	C:\WINDOWS\System32\bcrypt.dll
0x00007ff8fcfa0000 - 0x00007ff8fd00b000 	C:\WINDOWS\System32\WS2_32.dll
0x00007ff8fadc0000 - 0x00007ff8fae0b000 	C:\WINDOWS\SYSTEM32\POWRPROF.dll
0x00007ff8e9f10000 - 0x00007ff8e9f37000 	C:\WINDOWS\SYSTEM32\WINMM.dll
0x00007ff8f3720000 - 0x00007ff8f372a000 	C:\WINDOWS\SYSTEM32\VERSION.dll
0x00007ff8fada0000 - 0x00007ff8fadb2000 	C:\WINDOWS\SYSTEM32\UMPDC.dll
0x00007ff8f9740000 - 0x00007ff8f9752000 	C:\WINDOWS\SYSTEM32\kernel.appcore.dll
0x00007ff8f4210000 - 0x00007ff8f421a000 	D:\Android Studio\jbr\bin\jimage.dll
0x00007ff8f8c90000 - 0x00007ff8f8e91000 	C:\WINDOWS\SYSTEM32\DBGHELP.DLL
0x00007ff8de2f0000 - 0x00007ff8de324000 	C:\WINDOWS\SYSTEM32\dbgcore.DLL
0x00007ff8fb080000 - 0x00007ff8fb102000 	C:\WINDOWS\System32\bcryptPrimitives.dll
0x00007ff8db2d0000 - 0x00007ff8db2f0000 	D:\Android Studio\jbr\bin\java.dll

JVMTI agents: none

dbghelp: loaded successfully - version: 4.0.5 - missing functions: none
symbol engine: initialized successfully - sym options: 0x614 - pdb path: .;D:\Android Studio\jbr\bin;C:\WINDOWS\SYSTEM32;C:\WINDOWS\WinSxS\amd64_microsoft.windows.common-controls_6595b64144ccf1df_6.0.19041.5915_none_60b4b9d171f9c7c7;D:\Android Studio\jbr\bin\server

VM Arguments:
java_command: org.jetbrains.kotlin.cli.jvm.K2JVMCompiler @D:\Android Studio Projects\Weather Simulator AI\app\build\20251117_4605804971609145765.compiler.options
java_class_path (initial): D:\Android Studio\caches\modules-2\files-2.1\org.jetbrains.kotlin\kotlin-compiler-embeddable\2.0.21\79346ed53db48b18312a472602eb5c057070c54d\kotlin-compiler-embeddable-2.0.21.jar;D:\Android Studio\caches\modules-2\files-2.1\org.jetbrains.kotlin\kotlin-stdlib\2.0.21\618b539767b4899b4660a83006e052b63f1db551\kotlin-stdlib-2.0.21.jar;D:\Android Studio\caches\modules-2\files-2.1\org.jetbrains.kotlin\kotlin-script-runtime\2.0.21\c9b044380ad41f89aa89aa896c2d32a8c0b2129d\kotlin-script-runtime-2.0.21.jar;D:\Android Studio\caches\modules-2\files-2.1\org.jetbrains.kotlin\kotlin-reflect\1.6.10\1cbe9c92c12a94eea200d23c2bbaedaf3daf5132\kotlin-reflect-1.6.10.jar;D:\Android Studio\caches\modules-2\files-2.1\org.jetbrains.kotlin\kotlin-daemon-embeddable\2.0.21\c9e933b23287de9b5a17e2116b4657bb91aea72c\kotlin-daemon-embeddable-2.0.21.jar;D:\Android Studio\caches\modules-2\files-2.1\org.jetbrains.intellij.deps\trove4j\1.0.20200330\3afb14d5f9ceb459d724e907a21145e8ff394f02\trove4j-1.0.20200330.jar;D:\Android Studio\caches\modules-2\files-2.1\org.jetbrains.kotlinx\kotlinx-coroutines-core-jvm\1.6.4\2c997cd1c0ef33f3e751d3831929aeff1390cb30\kotlinx-coroutines-core-jvm-1.6.4.jar;D:\Android Studio\caches\modules-2\files-2.1\org.jetbrains\annotations\13.0\919f0dfe192fb4e063e7dacadee7f8bb9a2672a9\annotations-13.0.jar
Launcher Type: SUN_STANDARD

[Global flags]
     intx CICompilerCount                          = 4                                         {product} {ergonomic}
     uint ConcGCThreads                            = 2                                         {product} {ergonomic}
     uint G1ConcRefinementThreads                  = 8                                         {product} {ergonomic}
   size_t G1HeapRegionSize                         = 1048576                                   {product} {ergonomic}
    uintx GCDrainStackTargetSize                   = 64                                        {product} {ergonomic}
   size_t InitialHeapSize                          = 134217728                                 {product} {ergonomic}
   size_t MarkStackSize                            = 4194304                                   {product} {ergonomic}
   size_t MaxHeapSize                              = 2116026368                                {product} {ergonomic}
   size_t MinHeapDeltaBytes                        = 1048576                                   {product} {ergonomic}
   size_t MinHeapSize                              = 8388608                                   {product} {ergonomic}
    uintx NonNMethodCodeHeapSize                   = 5839372                                {pd product} {ergonomic}
    uintx NonProfiledCodeHeapSize                  = 122909434                              {pd product} {ergonomic}
    uintx ProfiledCodeHeapSize                     = 122909434                              {pd product} {ergonomic}
    uintx ReservedCodeCacheSize                    = 251658240                              {pd product} {ergonomic}
     bool SegmentedCodeCache                       = true                                      {product} {ergonomic}
   size_t SoftMaxHeapSize                          = 2116026368                             {manageable} {ergonomic}
     bool UseCompressedOops                        = true                           {product lp64_product} {ergonomic}
     bool UseG1GC                                  = true                                      {product} {ergonomic}
     bool UseLargePagesIndividualAllocation        = false                                  {pd product} {ergonomic}

Logging:
Log output configuration:
 #0: stdout all=warning uptime,level,tags foldmultilines=false
 #1: stderr all=off uptime,level,tags foldmultilines=false

Environment Variables:
JAVA_HOME=C:\jdk\jdk-11.0.2
PATH=C:\Program Files\Microsoft\jdk-11.0.20.101-hotspot\bin;C:\WINDOWS\system32;C:\WINDOWS;C:\WINDOWS\System32\Wbem;C:\WINDOWS\System32\WindowsPowerShell\v1.0\;C:\WINDOWS\System32\OpenSSH\;C:\jdk\jdk-11.0.2\bin\;C:\Program Files\Docker\Docker\resources\bin;C:\Program Files\Git\cmd;C:\ProgramData\chocolatey\bin;C:\Program Files\dotnet\;D:\Node JS\;D:\Postgresql\bin;C:\Users\Utilizator\Downloads\Scripts\;C:\Users\Utilizator\Downloads\;C:\Users\Utilizator\AppData\Local\Microsoft\WindowsApps;C:\Users\Utilizator\AppData\Local\Programs\Microsoft VS Code\bin;D:\IntelliJ IDEA 2024.1.2\bin;C:\Users\Utilizator\AppData\Local\Microsoft\WinGet\Packages\Schniz.fnm_Microsoft.Winget.Source_8wekyb3d8bbwe;C:\Users\Utilizator\AppData\Roaming\npm
USERNAME=Utilizator
OS=Windows_NT
PROCESSOR_IDENTIFIER=Intel64 Family 6 Model 142 Stepping 10, GenuineIntel
TMP=C:\Users\UTILIZ~1\AppData\Local\Temp
TEMP=C:\Users\UTILIZ~1\AppData\Local\Temp




Periodic native trim disabled

JNI global refs:
JNI global refs: 0, weak refs: 0

JNI global refs memory usage: 0, weak refs: 0

Process memory usage:
Resident Set Size: 10784K (0% of 8264060K total physical memory with 431604K free physical memory)

OOME stack traces (most recent first):
Classloader memory used:

---------------  S Y S T E M  ---------------

OS:
 Windows 10 , 64 bit Build 19041 (10.0.19041.5915)
OS uptime: 11 days 22:10 hours
Hyper-V role detected

CPU: total 8 (initial active 8) (4 cores per cpu, 2 threads per core) family 6 model 142 stepping 10 microcode 0xb4, cx8, cmov, fxsr, ht, mmx, 3dnowpref, sse, sse2, sse3, ssse3, sse4.1, sse4.2, popcnt, lzcnt, tsc, tscinvbit, avx, avx2, aes, erms, clmul, bmi1, bmi2, adx, fma, vzeroupper, clflush, clflushopt, hv, rdtscp, f16c
Processor Information for the first 8 processors :
  Max Mhz: 1800, Current Mhz: 1600, Mhz Limit: 1584

Memory: 4k page, system-wide physical 8070M (421M free)
TotalPageFile size 19553M (AvailPageFile size 132M)
current process WorkingSet (physical memory assigned to process): 10M, peak: 10M
current process commit charge ("private bytes"): 60M, peak: 188M

vm_info: OpenJDK 64-Bit Server VM (21.0.8+-14018985-b1038.68) for windows-amd64 JRE (21.0.8+-14018985-b1038.68), built on 2025-08-29T19:56:34Z by "builder" with MS VC++ 16.10 / 16.11 (VS2019)

END.
